<?xml version="1.0" encoding="UTF-8"?>
<!-- Generated by org.testng.reporters.JUnitXMLReporter -->
<testsuite ignored="0" hostname="HCAH-L-PF19KTHT" failures="0" tests="2" name="Default test" time="1.302" errors="0" timestamp="2021-02-11T14:19:10 IST">
  <testcase classname="CustomerApp_Package.TestScripts_Folder.PatientScripts.GetPatient" name="GetPatientDetails" time="1.227"/>
  <testcase classname="CustomerApp_Package.TestScripts_Folder.PatientScripts.GetPatient" name="checkResposeBody" time="0.005"/>
</testsuite> <!-- Default test -->
