<?xml version="1.0" encoding="UTF-8"?>
<!-- Generated by org.testng.reporters.JUnitXMLReporter -->
<testsuite ignored="4" hostname="HCAH-L-PF19KTHT" failures="1" tests="5" name="Test" time="26.332" errors="0" timestamp="2021-02-08T23:50:04 IST">
  <testcase classname="GetBooking" name="getBookingIDs" time="3.562">
    <failure type="java.lang.AssertionError" message="expected [Mary] but found [Sally]">
      <![CDATA[java.lang.AssertionError: expected [Mary] but found [Sally]
at GetBooking.getBookingIDs(GetBooking.java:61)
at java.base/java.util.ArrayList.forEach(ArrayList.java:1511)
... Removed 33 stack frames]]>
    </failure>
  </testcase> <!-- getBookingIDs -->
  <testcase classname="CreateBooking" name="createNewBooking" time="2.819"/>
  <testcase classname="UpdateBooking" name="updateBooking" time="7.083"/>
  <testcase classname="PartialUpdateBooking" name="updateBooking" time="5.378"/>
  <testcase classname="DeleteBooking" name="getBookingIDs" time="5.409"/>
  <testcase classname="utility.BaseTest" name="@BeforeSuite setBaseURI" time="0.0">
    <ignored/>
  </testcase> <!-- @BeforeSuite setBaseURI -->
  <testcase classname="utility.BaseTest" name="@BeforeSuite setBaseURI" time="0.0">
    <ignored/>
  </testcase> <!-- @BeforeSuite setBaseURI -->
  <testcase classname="utility.BaseTest" name="@BeforeSuite setBaseURI" time="0.0">
    <ignored/>
  </testcase> <!-- @BeforeSuite setBaseURI -->
  <testcase classname="utility.BaseTest" name="@BeforeSuite setBaseURI" time="0.0">
    <ignored/>
  </testcase> <!-- @BeforeSuite setBaseURI -->
</testsuite> <!-- Test -->
