<?xml version="1.0" encoding="UTF-8"?>
<!-- Generated by org.testng.reporters.JUnitXMLReporter -->
<testsuite ignored="0" hostname="HCAH-L-PF19KTHT" failures="0" tests="1" name="Test" time="0.297" errors="0" timestamp="2021-02-11T12:51:43 IST">
  <testcase classname="utility.BaseTest" name="@BeforeSuite setBaseURI" time="0.007">
    <failure type="java.lang.NullPointerException" message="Cannot invoke &amp;quot;com.aventstack.extentreports.ExtentReports.createTest(String, String)&amp;quot; because &amp;quot;utility.BaseTest.extent&amp;quot; is null">
      <![CDATA[java.lang.NullPointerException: Cannot invoke "com.aventstack.extentreports.ExtentReports.createTest(String, String)" because "utility.BaseTest.extent" is null
at utility.BaseTest.setBaseURI(BaseTest.java:57)
... Removed 19 stack frames]]>
    </failure>
  </testcase> <!-- @BeforeSuite setBaseURI -->
  <testcase classname="utility.BaseTest" name="@BeforeMethod beforeMethod" time="-1.613028103353E9">
    <skipped/>
  </testcase> <!-- @BeforeMethod beforeMethod -->
  <testcase classname="CustomerApp_Package.TestScripts_Folder.PatientScripts.CreatePatient" name="@AfterTest endTest" time="-1.61302810338E9">
    <skipped/>
  </testcase> <!-- @AfterTest endTest -->
  <testcase classname="CustomerApp_Package.TestScripts_Folder.PatientScripts.CreatePatient" name="createNewPatient" time="0.0">
    <skipped/>
  </testcase> <!-- createNewPatient -->
</testsuite> <!-- Test -->
