<?xml version="1.0" encoding="UTF-8"?>
<!-- Generated by org.testng.reporters.JUnitXMLReporter -->
<testsuite ignored="19" hostname="HCAH-L-PF19KTHT" failures="0" tests="40" name="Sanity test" time="60.363" errors="0" timestamp="2021-03-01T09:28:34 IST">
  <testcase classname="CAS_API.Home.TC_Home_Invalid_Auth_Info" name="GetHome_CheckResponseWithInvalidAuth" time="3.068"/>
  <testcase classname="CAS_API.Home.TC_Home_Invalid_Auth_Info" name="GetHome_CheckResponseWithNoAuth" time="0.687"/>
  <testcase classname="CAS_API.Home.TC_Home_Valid_Auth_Info" name="GetHome_CheckResponseWithValidAuth" time="0.745"/>
  <testcase classname="CAS_API.States_TCs.TC_States_Valid_Auth_Info" name="CheckStatesResponseWithValidAuth" time="0.889"/>
  <testcase classname="CAS_API.States_TCs.TC_States_Invalid_Auth_Info" name="CheckStatesResponseWithInvalidAuth" time="0.91"/>
  <testcase classname="CAS_API.States_TCs.TC_States_Invalid_Auth_Info" name="CheckStatesResponseWithMissingAuth" time="0.52"/>
  <testcase classname="CAS_API.Cities_TCs.TC_City_Valid_Auth_Info" name="CheckCityResponseWithValidAuth" time="0.805"/>
  <testcase classname="CAS_API.Cities_TCs.TC_City_Invalid_Auth_Info" name="CheckCityResponseWithInvalidAuth" time="0.629"/>
  <testcase classname="CAS_API.Cities_TCs.TC_City_Invalid_Auth_Info" name="CheckCityResponseWithNoAuth" time="0.705"/>
  <testcase classname="CAS_API.Care_TCs.TC_Care_Lead_Valid_Auth_Info" name="checkLeadResponseWithValidAuth_EmptyPayload" time="0.721"/>
  <testcase classname="CAS_API.Care_TCs.TC_Care_Lead_Valid_Auth_Info" name="checkLeadResponseWithValidAuth_ValidPayload" time="25.776"/>
  <testcase classname="CAS_API.Care_TCs.TC_Care_Lead_Invalid_Auth_Info" name="checkLeadResponseWithInvalidAuth_EmptyPayload" time="1.113"/>
  <testcase classname="CAS_API.Care_TCs.TC_Care_Lead_Invalid_Auth_Info" name="checkLeadResponseWithInvalidAuth_ValidPayload" time="0.71"/>
  <testcase classname="CAS_API.Care_TCs.TC_Care_Lead_Invalid_Auth_Info" name="checkLeadResponseWithNoAuth_ValidPayload" time="0.71"/>
  <testcase classname="CAS_API.CaretakerRelations_TCs.TC_CareTaker_Valid_Auth_Info" name="CheckCareTakerResponseWithValidAuth" time="1.149"/>
  <testcase classname="CAS_API.CaretakerRelations_TCs.TC_CareTaker_Invalid_Auth_Info" name="CheckCareTakerResponseWithInvalidAuth" time="0.724"/>
  <testcase classname="CAS_API.CaretakerRelations_TCs.TC_CareTaker_Invalid_Auth_Info" name="CheckCareTakerResponseWithMissingAuth" time="0.606"/>
  <testcase classname="CAS_API.Patient_Details.Patient_Complete_Profile_TCs.TC_Patient_Complete_Profile_Invalid_Auth_Info" name="PostPatientCompleteProfile_CheckResponseWithInvalidAuth_InvalidPayload" time="0.678"/>
  <testcase classname="CAS_API.Patient_Details.Patient_Complete_Profile_TCs.TC_Patient_Complete_Profile_Invalid_Auth_Info" name="PostPatientCompleteProfile_CheckResponseWithInvalidAuth_ValidPayload" time="0.613"/>
  <testcase classname="CAS_API.Patient_Details.Patient_Complete_Profile_TCs.TC_Patient_Complete_Profile_Invalid_Auth_Info" name="PostPatientCompleteProfile_CheckResponseWithNoAuth_ValidPayload" time="0.614"/>
  <testcase classname="CAS_API.Patient_Details.Patient_Complete_Profile_TCs.TC_Patient_Complete_Profile_Valid_Auth_And_Data_Info" name="postPatientCompleteProfile_CheckResponseWithValidAuth_InValidPayload" time="0.838"/>
  <testcase classname="CAS_API.Patient_Details.Patient_Complete_Profile_TCs.TC_Patient_Complete_Profile_Valid_Auth_And_Data_Info" name="postPatientCompleteProfile_CheckResponseWithValidAuth_ValidPayload" time="1.315"/>
  <testcase classname="CAS_API.Patient_Details.Patient_Login_TCs.TC_PatientLogin_Invalid_Auth_Info" name="patientLogin_CheckResponseWithInvalidAuth_InvalidPayload" time="0.593"/>
  <testcase classname="CAS_API.Patient_Details.Patient_Login_TCs.TC_PatientLogin_Invalid_Auth_Info" name="patientLogin_CheckResponseWithNoAuth_ValidPayload" time="0.529"/>
  <testcase classname="CAS_API.Patient_Details.Patient_Login_TCs.TC_PatientLogin_Invalid_Auth_Info" name="patientLogin_CheckResponseWithInvalidAuth_ValidPayload" time="0.686"/>
  <testcase classname="CAS_API.Patient_Details.Patient_Login_TCs.TC_PatientLogin_Valid_Auth_And_Data_Info" name="patientLogin_CheckResponseWithValidAuth_WithInvalidPayload_Invalid_ProgramID" time="0.822"/>
  <testcase classname="CAS_API.Patient_Details.Patient_Login_TCs.TC_PatientLogin_Valid_Auth_And_Data_Info" name="patientLogin_CheckResponseWithValidAuth_ValidPayload" time="1.636"/>
  <testcase classname="CAS_API.Patient_Details.Patient_Login_TCs.TC_PatientLogin_Valid_Auth_And_Data_Info" name="patientLogin_CheckResponseWithValidAuth_InvalidPayload_Missing_ProgramID" time="0.932"/>
  <testcase classname="CAS_API.Patient_Details.Patient_Login_TCs.TC_PatientLogin_Valid_Auth_And_Data_Info" name="patientLogin_CheckResponseWithValidAuth_WithInvalidPayload_Missing_DeviceInfo" time="0.71"/>
  <testcase classname="CAS_API.Patient_Details.Patient_Profile_TCs.TC_GetPatientProfile_Invalid_Info" name="getPatientProfile_CheckResponseWithInvalidAuth" time="0.535"/>
  <testcase classname="CAS_API.Patient_Details.Patient_Profile_TCs.TC_GetPatientProfile_Invalid_Info" name="getPatientProfile_CheckResponseWithNoAuth" time="0.761"/>
  <testcase classname="CAS_API.Patient_Details.Patient_Profile_TCs.TC_GetPatientProfile_Valid_Auth_Info" name="CheckCityResponseWithValidAuth" time="0.637"/>
  <testcase classname="CAS_API.Patient_Details.Patient_Program_TCs.TC_PatientPrograms_Invalid_Auth_Info" name="GetPatientPrograms_CheckResponseWithInvalidAuth" time="0.682"/>
  <testcase classname="CAS_API.Patient_Details.Patient_Program_TCs.TC_PatientPrograms_Invalid_Auth_Info" name="GetPatientPrograms_CheckResponseWithNoAuth" time="0.547"/>
  <testcase classname="CAS_API.Patient_Details.Patient_Program_TCs.TC_PatientPrograms_Valid_Auth_Info" name="GetPatientPrograms_CheckResponseWithValidAuth" time="0.94"/>
  <testcase classname="CAS_API.Patient_Details.ProfilePicture_TCs.TC_ProfilePicture_Invalid_Auth_Info" name="UploadProfilePicture_CheckResponseWithInvalidAuth" time="1.293"/>
  <testcase classname="CAS_API.Patient_Details.ProfilePicture_TCs.TC_ProfilePicture_Invalid_Auth_Info" name="UploadProfilePicture_CheckResponseWithNoAuth" time="1.524"/>
  <testcase classname="CAS_API.Patient_Details.ProfilePicture_TCs.TC_ProfilePicture_Valid_Auth_Info" name="UploadProfilePicture_CheckResponseWithValidAuth_JPEGImage" time="1.337"/>
  <testcase classname="CAS_API.Patient_Details.ProfilePicture_TCs.TC_ProfilePicture_Valid_Auth_Info" name="UploadProfilePicture_CheckResponseWithValidAuth_PNGImage" time="0.856"/>
  <testcase classname="CAS_API.Patient_Details.ProfilePicture_TCs.TC_ProfilePicture_Valid_Auth_Info" name="UploadProfilePicture_CheckResponseWithValidAuth_InvalidPDFFile" time="0.471"/>
  <testcase classname="baseTest.BaseTest" name="@BeforeSuite baseTest" time="0.0">
    <ignored/>
  </testcase> <!-- @BeforeSuite baseTest -->
  <testcase classname="baseTest.BaseTest" name="@BeforeSuite baseTest" time="0.0">
    <ignored/>
  </testcase> <!-- @BeforeSuite baseTest -->
  <testcase classname="baseTest.BaseTest" name="@BeforeSuite baseTest" time="0.0">
    <ignored/>
  </testcase> <!-- @BeforeSuite baseTest -->
  <testcase classname="baseTest.BaseTest" name="@BeforeSuite baseTest" time="0.0">
    <ignored/>
  </testcase> <!-- @BeforeSuite baseTest -->
  <testcase classname="baseTest.BaseTest" name="@BeforeSuite baseTest" time="0.0">
    <ignored/>
  </testcase> <!-- @BeforeSuite baseTest -->
  <testcase classname="baseTest.BaseTest" name="@BeforeSuite baseTest" time="0.0">
    <ignored/>
  </testcase> <!-- @BeforeSuite baseTest -->
  <testcase classname="baseTest.BaseTest" name="@BeforeSuite baseTest" time="0.0">
    <ignored/>
  </testcase> <!-- @BeforeSuite baseTest -->
  <testcase classname="baseTest.BaseTest" name="@BeforeSuite baseTest" time="0.0">
    <ignored/>
  </testcase> <!-- @BeforeSuite baseTest -->
  <testcase classname="baseTest.BaseTest" name="@BeforeSuite baseTest" time="0.0">
    <ignored/>
  </testcase> <!-- @BeforeSuite baseTest -->
  <testcase classname="baseTest.BaseTest" name="@BeforeSuite baseTest" time="0.0">
    <ignored/>
  </testcase> <!-- @BeforeSuite baseTest -->
  <testcase classname="baseTest.BaseTest" name="@BeforeSuite baseTest" time="0.0">
    <ignored/>
  </testcase> <!-- @BeforeSuite baseTest -->
  <testcase classname="baseTest.BaseTest" name="@BeforeSuite baseTest" time="0.0">
    <ignored/>
  </testcase> <!-- @BeforeSuite baseTest -->
  <testcase classname="baseTest.BaseTest" name="@BeforeSuite baseTest" time="0.0">
    <ignored/>
  </testcase> <!-- @BeforeSuite baseTest -->
  <testcase classname="baseTest.BaseTest" name="@BeforeSuite baseTest" time="0.0">
    <ignored/>
  </testcase> <!-- @BeforeSuite baseTest -->
  <testcase classname="baseTest.BaseTest" name="@BeforeSuite baseTest" time="0.0">
    <ignored/>
  </testcase> <!-- @BeforeSuite baseTest -->
  <testcase classname="baseTest.BaseTest" name="@BeforeSuite baseTest" time="0.0">
    <ignored/>
  </testcase> <!-- @BeforeSuite baseTest -->
  <testcase classname="baseTest.BaseTest" name="@BeforeSuite baseTest" time="0.0">
    <ignored/>
  </testcase> <!-- @BeforeSuite baseTest -->
  <testcase classname="baseTest.BaseTest" name="@BeforeSuite baseTest" time="0.0">
    <ignored/>
  </testcase> <!-- @BeforeSuite baseTest -->
  <testcase classname="baseTest.BaseTest" name="@BeforeSuite baseTest" time="0.0">
    <ignored/>
  </testcase> <!-- @BeforeSuite baseTest -->
</testsuite> <!-- Sanity test -->
