<?xml version="1.0" encoding="UTF-8"?>
<testng-results ignored="0" total="2" passed="2" failed="0" skipped="0">
  <reporter-output>
  </reporter-output>
  <suite started-at="2021-02-11T14:19:09 IST" name="Default suite" finished-at="2021-02-11T14:19:10 IST" duration-ms="1302">
    <groups>
    </groups>
    <test started-at="2021-02-11T14:19:09 IST" name="Default test" finished-at="2021-02-11T14:19:10 IST" duration-ms="1302">
      <class name="CustomerApp_Package.TestScripts_Folder.PatientScripts.GetPatient">
        <test-method is-config="true" signature="setBaseURI()[pri:0, instance:CustomerApp_Package.TestScripts_Folder.PatientScripts.GetPatient@7fd50002]" started-at="2021-02-11T14:19:08 IST" name="setBaseURI" finished-at="2021-02-11T14:19:09 IST" duration-ms="723" status="PASS">
          <reporter-output>
          </reporter-output>
        </test-method> <!-- setBaseURI -->
        <test-method is-config="true" signature="beforeMethod()[pri:0, instance:CustomerApp_Package.TestScripts_Folder.PatientScripts.GetPatient@7fd50002]" started-at="2021-02-11T14:19:09 IST" name="beforeMethod" finished-at="2021-02-11T14:19:09 IST" duration-ms="39" status="PASS">
          <reporter-output>
          </reporter-output>
        </test-method> <!-- beforeMethod -->
        <test-method signature="GetPatientDetails()[pri:0, instance:CustomerApp_Package.TestScripts_Folder.PatientScripts.GetPatient@7fd50002]" started-at="2021-02-11T14:19:09 IST" name="GetPatientDetails" finished-at="2021-02-11T14:19:10 IST" duration-ms="1227" status="PASS">
          <reporter-output>
          </reporter-output>
        </test-method> <!-- GetPatientDetails -->
        <test-method is-config="true" signature="beforeMethod()[pri:0, instance:CustomerApp_Package.TestScripts_Folder.PatientScripts.GetPatient@7fd50002]" started-at="2021-02-11T14:19:10 IST" name="beforeMethod" finished-at="2021-02-11T14:19:10 IST" duration-ms="1" status="PASS">
          <reporter-output>
          </reporter-output>
        </test-method> <!-- beforeMethod -->
        <test-method signature="checkResposeBody()[pri:0, instance:CustomerApp_Package.TestScripts_Folder.PatientScripts.GetPatient@7fd50002]" started-at="2021-02-11T14:19:10 IST" name="checkResposeBody" finished-at="2021-02-11T14:19:10 IST" duration-ms="5" status="PASS">
          <reporter-output>
          </reporter-output>
        </test-method> <!-- checkResposeBody -->
      </class> <!-- CustomerApp_Package.TestScripts_Folder.PatientScripts.GetPatient -->
    </test> <!-- Default test -->
  </suite> <!-- Default suite -->
</testng-results>
